<?xml version="1.0" encoding="UTF-8"?>
<!-- Generated by org.testng.reporters.JUnitReportReporter -->
<testsuite hostname="Anikethsingh26" failures="0" tests="1" name="testCases.TC_002_LoginTest" time="3.574" errors="0" timestamp="2024-08-18T16:16:12 IST" skipped="0">
  <testcase classname="testCases.TC_002_LoginTest" name="verify_login" time="3.574"/>
  <system-out/>
</testsuite> <!-- testCases.TC_002_LoginTest -->
